0 info it worked if it ends with ok
1 verbose cli [ '/usr/local/bin/node', '/usr/local/bin/npm', 'publish' ]
2 info using npm@3.10.3
3 info using node@v6.6.0
4 verbose publish [ '.' ]
5 silly cache add args [ '.', null ]
6 verbose cache add spec .
7 silly cache add parsed spec Result {
7 silly cache add   raw: '.',
7 silly cache add   scope: null,
7 silly cache add   escapedName: null,
7 silly cache add   name: null,
7 silly cache add   rawSpec: '.',
7 silly cache add   spec: '/Users/nirizhe/Sites/Demos/npmhelloworld',
7 silly cache add   type: 'directory' }
8 verbose addLocalDirectory /Users/nirizhe/.npm/npmhelloworld/0.0.1/package.tgz not in flight; packing
9 verbose correctMkdir /Users/nirizhe/.npm correctMkdir not in flight; initializing
10 info lifecycle npmhelloworld@0.0.1~prepublish: npmhelloworld@0.0.1
11 silly lifecycle npmhelloworld@0.0.1~prepublish: no script for prepublish, continuing
12 verbose tar pack [ '/Users/nirizhe/.npm/npmhelloworld/0.0.1/package.tgz',
12 verbose tar pack   '/Users/nirizhe/Sites/Demos/npmhelloworld' ]
13 verbose tarball /Users/nirizhe/.npm/npmhelloworld/0.0.1/package.tgz
14 verbose folder /Users/nirizhe/Sites/Demos/npmhelloworld
15 verbose addLocalTarball adding from inside cache /Users/nirizhe/.npm/npmhelloworld/0.0.1/package.tgz
16 verbose correctMkdir /Users/nirizhe/.npm correctMkdir not in flight; initializing
17 silly cache afterAdd npmhelloworld@0.0.1
18 verbose afterAdd /Users/nirizhe/.npm/npmhelloworld/0.0.1/package/package.json not in flight; writing
19 verbose correctMkdir /Users/nirizhe/.npm correctMkdir not in flight; initializing
20 verbose afterAdd /Users/nirizhe/.npm/npmhelloworld/0.0.1/package/package.json written
21 silly publish { name: 'npmhelloworld',
21 silly publish   version: '0.0.1',
21 silly publish   description: 'hello world',
21 silly publish   main: 'index.js',
21 silly publish   scripts: { test: 'echo "Error: no test specified" && exit 1' },
21 silly publish   repository:
21 silly publish    { type: 'git',
21 silly publish      url: 'git+https://github.com/jerryni/npmhelloworld.git' },
21 silly publish   author: { name: 'jerryni', email: 'jerryni2014@gmail.com' },
21 silly publish   license: 'ISC',
21 silly publish   readme: '## just hello world\n\n[![npm version](https://img.shields.io/npm/v/npmhelloworld.svg)](https://www.npmjs.com/package/npmhelloworld)',
21 silly publish   readmeFilename: 'README.md',
21 silly publish   gitHead: 'e97a3a95f5234b38573811dcc522fb0a24b46677',
21 silly publish   bugs: { url: 'https://github.com/jerryni/npmhelloworld/issues' },
21 silly publish   homepage: 'https://github.com/jerryni/npmhelloworld#readme',
21 silly publish   _id: 'npmhelloworld@0.0.1',
21 silly publish   _shasum: '9f76a158e7aaca2ea3b0090aa8b858018f452f2b',
21 silly publish   _from: '.' }
22 verbose getPublishConfig undefined
23 silly mapToRegistry name npmhelloworld
24 silly mapToRegistry using default registry
25 silly mapToRegistry registry http://registry.npmjs.org/
26 silly mapToRegistry data Result {
26 silly mapToRegistry   raw: 'npmhelloworld',
26 silly mapToRegistry   scope: null,
26 silly mapToRegistry   escapedName: 'npmhelloworld',
26 silly mapToRegistry   name: 'npmhelloworld',
26 silly mapToRegistry   rawSpec: '',
26 silly mapToRegistry   spec: 'latest',
26 silly mapToRegistry   type: 'tag' }
27 silly mapToRegistry uri http://registry.npmjs.org/npmhelloworld
28 verbose publish registryBase http://registry.npmjs.org/
29 silly publish uploading /Users/nirizhe/.npm/npmhelloworld/0.0.1/package.tgz
30 verbose request uri http://registry.npmjs.org/npmhelloworld
31 verbose request sending authorization for write operation
32 info attempt registry request try #1 at 4:34:46 PM
33 verbose request using bearer token for auth
34 verbose request id aa8f9d4fe038c8fb
35 http request PUT http://registry.npmjs.org/npmhelloworld
36 http 403 http://registry.npmjs.org/npmhelloworld
37 verbose headers { 'content-type': 'application/json',
37 verbose headers   'cache-control': 'max-age=300',
37 verbose headers   'content-length': '95',
37 verbose headers   'accept-ranges': 'bytes',
37 verbose headers   date: 'Fri, 23 Dec 2016 08:34:45 GMT',
37 verbose headers   via: '1.1 varnish',
37 verbose headers   connection: 'keep-alive',
37 verbose headers   'x-served-by': 'cache-itm7420-ITM',
37 verbose headers   'x-cache': 'MISS',
37 verbose headers   'x-cache-hits': '0',
37 verbose headers   'x-timer': 'S1482482084.950478,VS0,VE577',
37 verbose headers   vary: 'Accept-Encoding' }
38 verbose request invalidating /Users/nirizhe/.npm/registry.npmjs.org/npmhelloworld on PUT
39 error publish Failed PUT 403
40 verbose stack Error: "You cannot publish over the previously published version 0.0.1." : npmhelloworld
40 verbose stack     at makeError (/usr/local/lib/node_modules/npm/node_modules/npm-registry-client/lib/request.js:264:12)
40 verbose stack     at CachingRegistryClient.<anonymous> (/usr/local/lib/node_modules/npm/node_modules/npm-registry-client/lib/request.js:252:14)
40 verbose stack     at Request._callback (/usr/local/lib/node_modules/npm/node_modules/npm-registry-client/lib/request.js:172:14)
40 verbose stack     at Request.self.callback (/usr/local/lib/node_modules/npm/node_modules/request/request.js:200:22)
40 verbose stack     at emitTwo (events.js:106:13)
40 verbose stack     at Request.emit (events.js:191:7)
40 verbose stack     at Request.<anonymous> (/usr/local/lib/node_modules/npm/node_modules/request/request.js:1067:10)
40 verbose stack     at emitOne (events.js:101:20)
40 verbose stack     at Request.emit (events.js:188:7)
40 verbose stack     at IncomingMessage.<anonymous> (/usr/local/lib/node_modules/npm/node_modules/request/request.js:988:12)
41 verbose statusCode 403
42 verbose pkgid npmhelloworld
43 verbose cwd /Users/nirizhe/Sites/Demos/npmhelloworld
44 error Darwin 13.4.0
45 error argv "/usr/local/bin/node" "/usr/local/bin/npm" "publish"
46 error node v6.6.0
47 error npm  v3.10.3
48 error code E403
49 error "You cannot publish over the previously published version 0.0.1." : npmhelloworld
50 error If you need help, you may report this error at:
50 error     <https://github.com/npm/npm/issues>
51 verbose exit [ 1, true ]
